Exporter version: 2.80.1, Blender version: 2.92.0
========= Conversion from Blender to Babylon.js =========
	Scene settings used :
		Inline textures     :  false
		Material Type       :  PBR
		Positions Precision :  4
		Normals Precision   :  3
		UVs Precision       :  3
		Vert Color Precision:  3
		Mat Weight Precision:  2
		Keep Z-up r-handed  :  no
		Texture directory   :  /Users/joasihe/sites/day-in-the-office-dev/assets/
	Python World class constructor completed
	WARNING: No active camera has been assigned, or is not in a currently selected Blender layer
	processing begun of mesh:  Cube 2
		processing begun of material:  Red
		Custom split normals with tangents being used
		num positions      :  24
		num normals        :  24
		num tangents       :  96
		num uvs            :  48
		num uvs2           :  0
		num colors         :  0
		num triangles      :  12
	processing begun of mesh:  Cube.002
		processing begun of material:  Red
		registered as also a user of material:  Red
		Custom split normals with tangents being used
		num positions      :  24
		num normals        :  24
		num tangents       :  96
		num uvs            :  48
		num uvs2           :  0
		num colors         :  0
		num triangles      :  12
	processing begun of mesh:  Cylinder copy 2
		processing begun of material:  Material.002
		Custom split normals with tangents being used
		num positions      :  389
		num normals        :  389
		num tangents       :  1556
		num uvs            :  778
		num uvs2           :  0
		num colors         :  0
		num triangles      :  576
		WARNING: # of 0 area faces found:  320
	processing begun of mesh:  Cylinder copy 2.001
		processing begun of material:  Material.002
		registered as also a user of material:  Material.002
		Custom split normals with tangents being used
		num positions      :  389
		num normals        :  389
		num tangents       :  1556
		num uvs            :  778
		num uvs2           :  0
		num colors         :  0
		num triangles      :  576
		WARNING: # of 0 area faces found:  320
	processing begun of mesh:  Cylinder copy
		processing begun of material:  Material.002
		registered as also a user of material:  Material.002
		Custom split normals with tangents being used
		num positions      :  389
		num normals        :  389
		num tangents       :  1556
		num uvs            :  778
		num uvs2           :  0
		num colors         :  0
		num triangles      :  576
		WARNING: # of 0 area faces found:  320
	processing begun of mesh:  Cylinder
		processing begun of material:  Material.002
		registered as also a user of material:  Material.002
		Custom split normals with tangents being used
		num positions      :  389
		num normals        :  389
		num tangents       :  1556
		num uvs            :  778
		num uvs2           :  0
		num colors         :  0
		num triangles      :  576
		WARNING: # of 0 area faces found:  320
	processing begun of node:  Sword
	processing begun of node:  Empty Object
	processing begun of mesh:  Sphere 2
		WARNING: No materials have been assigned: 
		Custom split normals with tangents being used
		num positions      :  4224
		num normals        :  4224
		num tangents       :  16896
		num uvs            :  8448
		num uvs2           :  0
		num colors         :  0
		num triangles      :  8128
	processing begun of node:  Sword.001
	processing begun of mesh:  Sphere
		WARNING: No materials have been assigned: 
		Custom split normals with tangents being used
		num positions      :  4223
		num normals        :  4223
		num tangents       :  16892
		num uvs            :  8446
		num uvs2           :  0
		num colors         :  0
		num triangles      :  8064
	processing begun of mesh:  Icosahedron
		WARNING: No materials have been assigned: 
		Custom split normals with tangents being used
		num positions      :  60
		num normals        :  60
		num tangents       :  240
		num uvs            :  120
		num uvs2           :  0
		num colors         :  0
		num triangles      :  20
	processing begun of mesh:  Cube.004
		WARNING: No materials have been assigned: 
		Custom split normals with tangents being used
		num positions      :  600
		num normals        :  600
		num tangents       :  2400
		num uvs            :  1200
		num uvs2           :  0
		num colors         :  0
		num triangles      :  716
		WARNING: # of 0 area faces found:  72
	processing begun of mesh:  Cylinder.001
		WARNING: No materials have been assigned: 
		Custom split normals with tangents being used
		num positions      :  389
		num normals        :  389
		num tangents       :  1556
		num uvs            :  778
		num uvs2           :  0
		num colors         :  0
		num triangles      :  576
		WARNING: # of 0 area faces found:  320
	processing begun of mesh:  Cone
		WARNING: No materials have been assigned: 
		Custom split normals with tangents being used
		num positions      :  1154
		num normals        :  1154
		num tangents       :  4616
		num uvs            :  2308
		num uvs2           :  0
		num colors         :  0
		num triangles      :  2080
		WARNING: # of 0 area faces found:  32
	processing begun of node:  Reviewbox
	processing begun of node:  Empty Object copy 3
	processing begun of mesh:  Cube.005
		WARNING: No materials have been assigned: 
		Custom split normals with tangents being used
		num positions      :  600
		num normals        :  600
		num tangents       :  2400
		num uvs            :  1200
		num uvs2           :  0
		num colors         :  0
		num triangles      :  716
	processing begun of mesh:  Text
		WARNING: No materials have been assigned: 
		Custom split normals with tangents being used
		num positions      :  4
		num normals        :  4
		num tangents       :  16
		num uvs            :  8
		num uvs2           :  0
		num colors         :  0
		num triangles      :  2
	processing begun of node:  Empty Object copy
	processing begun of mesh:  Cube.006
		WARNING: No materials have been assigned: 
		Custom split normals with tangents being used
		num positions      :  600
		num normals        :  600
		num tangents       :  2400
		num uvs            :  1200
		num uvs2           :  0
		num colors         :  0
		num triangles      :  716
	processing begun of mesh:  Text.001
		WARNING: No materials have been assigned: 
		Custom split normals with tangents being used
		num positions      :  4
		num normals        :  4
		num tangents       :  16
		num uvs            :  8
		num uvs2           :  0
		num colors         :  0
		num triangles      :  2
	processing begun of node:  Review
	processing begun of mesh:  Cube.007
		processing begun of material:  Paper
		Custom split normals with tangents being used
		num positions      :  600
		num normals        :  600
		num tangents       :  2400
		num uvs            :  1200
		num uvs2           :  0
		num colors         :  0
		num triangles      :  716
	processing begun of mesh:  Text.002
		processing begun of material:  Text
		Custom split normals with tangents being used
		num positions      :  4
		num normals        :  4
		num tangents       :  16
		num uvs            :  8
		num uvs2           :  0
		num colors         :  0
		num triangles      :  2
	processing begun of mesh:  Cylinder.002
		processing begun of material:  Material.010
		Custom split normals with tangents being used
		num positions      :  6760
		num normals        :  6760
		num tangents       :  27040
		num uvs            :  13520
		num uvs2           :  0
		num colors         :  0
		num triangles      :  13312
		WARNING: # of 0 area faces found:  768
	processing begun of mesh:  Sphere.001
		processing begun of material:  Material.009
		Custom split normals with tangents being used
		num positions      :  4224
		num normals        :  4224
		num tangents       :  16896
		num uvs            :  8448
		num uvs2           :  0
		num colors         :  0
		num triangles      :  8128
	processing begun of node:  Untitled
	processing begun of mesh:  Cylinder copy.001
		processing begun of material:  Table
		Custom split normals with tangents being used
		num positions      :  389
		num normals        :  389
		num tangents       :  1556
		num uvs            :  778
		num uvs2           :  0
		num colors         :  0
		num triangles      :  576
		WARNING: # of 0 area faces found:  320
	processing begun of mesh:  Cylinder.003
		processing begun of material:  Table
		registered as also a user of material:  Table
		Custom split normals with tangents being used
		num positions      :  389
		num normals        :  389
		num tangents       :  1556
		num uvs            :  778
		num uvs2           :  0
		num colors         :  0
		num triangles      :  576
		WARNING: # of 0 area faces found:  320
	processing begun of mesh:  Cube.001
		processing begun of material:  Table
		registered as also a user of material:  Table
		Custom split normals with tangents being used
		num positions      :  24
		num normals        :  24
		num tangents       :  96
		num uvs            :  48
		num uvs2           :  0
		num colors         :  0
		num triangles      :  12
	processing begun of mesh:  Cube
		processing begun of material:  Material.001
		num positions      :  30
		num normals        :  30
		num tangents       :  0
		num uvs            :  60
		num uvs2           :  0
		num colors         :  0
		num triangles      :  12
	processing begun of mesh:  Cube.003
		processing begun of material:  Material.006
		num positions      :  29
		num normals        :  29
		num tangents       :  0
		num uvs            :  58
		num uvs2           :  0
		num colors         :  0
		num triangles      :  12
	processing begun of mesh:  Wall
		processing begun of material:  Material.003
		num positions      :  29
		num normals        :  29
		num tangents       :  0
		num uvs            :  58
		num uvs2           :  0
		num colors         :  0
		num triangles      :  12
	processing begun of mesh:  Wall.001
		processing begun of material:  Material.004
		num positions      :  29
		num normals        :  29
		num tangents       :  0
		num uvs            :  58
		num uvs2           :  0
		num colors         :  0
		num triangles      :  12
	processing begun of mesh:  Wall.002
		processing begun of material:  Material.007
		num positions      :  29
		num normals        :  29
		num tangents       :  0
		num uvs            :  58
		num uvs2           :  0
		num colors         :  0
		num triangles      :  12
	processing begun of node:  Chair.002
	processing begun of node:  Chair.001
	processing begun of light (DIRECTIONAL):  Sun
========= Writing of JSON file started =========
	writing mesh:  Cube 2
	writing mesh:  Cube.002
	writing mesh:  Cylinder copy 2
	writing mesh:  Cylinder copy 2.001
	writing mesh:  Cylinder copy
	writing mesh:  Cylinder
	writing mesh:  Sphere 2
	writing mesh:  Sphere
	writing mesh:  Icosahedron
	writing mesh:  Cube.004
	writing mesh:  Cylinder.001
	writing mesh:  Cone
	writing mesh:  Cube.005
	writing mesh:  Text
	writing mesh:  Cube.006
	writing mesh:  Text.001
	writing mesh:  Cube.007
	writing mesh:  Text.002
	writing mesh:  Cylinder.002
	writing mesh:  Sphere.001
	writing mesh:  Cylinder copy.001
	writing mesh:  Cylinder.003
	writing mesh:  Cube.001
	writing mesh:  Cube
	writing mesh:  Cube.003
	writing mesh:  Wall
	writing mesh:  Wall.001
	writing mesh:  Wall.002
========= Writing of JSON file completed =========
========= end of processing =========
elapsed time:  0 min, 3.5087 secs
